<?xml version="1.0" encoding="UTF-8"?>
<testsuite xmlns:xsi="http://www.w3.org/2001/XMLSchema-instance" xsi:noNamespaceSchemaLocation="https://maven.apache.org/surefire/maven-surefire-plugin/xsd/surefire-test-report.xsd" name="com.liangweitang.MyvueblogApplicationTests" time="3.628" tests="1" errors="0" skipped="0" failures="0">
  <properties>
    <property name="sun.desktop" value="windows"/>
    <property name="awt.toolkit" value="sun.awt.windows.WToolkit"/>
    <property name="file.encoding.pkg" value="sun.io"/>
    <property name="java.specification.version" value="1.8"/>
    <property name="sun.cpu.isalist" value="amd64"/>
    <property name="sun.jnu.encoding" value="GBK"/>
    <property name="java.class.path" value="E:\All_Project\myvueblog\target\test-classes;E:\All_Project\myvueblog\target\classes;F:\repository\org\springframework\boot\spring-boot-starter-web\2.5.6\spring-boot-starter-web-2.5.6.jar;F:\repository\org\springframework\boot\spring-boot-starter\2.5.6\spring-boot-starter-2.5.6.jar;F:\repository\org\springframework\boot\spring-boot-starter-logging\2.5.6\spring-boot-starter-logging-2.5.6.jar;F:\repository\ch\qos\logback\logback-classic\1.2.6\logback-classic-1.2.6.jar;F:\repository\ch\qos\logback\logback-core\1.2.6\logback-core-1.2.6.jar;F:\repository\org\apache\logging\log4j\log4j-to-slf4j\2.14.1\log4j-to-slf4j-2.14.1.jar;F:\repository\org\apache\logging\log4j\log4j-api\2.14.1\log4j-api-2.14.1.jar;F:\repository\org\slf4j\jul-to-slf4j\1.7.32\jul-to-slf4j-1.7.32.jar;F:\repository\jakarta\annotation\jakarta.annotation-api\1.3.5\jakarta.annotation-api-1.3.5.jar;F:\repository\org\yaml\snakeyaml\1.28\snakeyaml-1.28.jar;F:\repository\org\springframework\boot\spring-boot-starter-json\2.5.6\spring-boot-starter-json-2.5.6.jar;F:\repository\com\fasterxml\jackson\core\jackson-databind\2.12.5\jackson-databind-2.12.5.jar;F:\repository\com\fasterxml\jackson\core\jackson-annotations\2.12.5\jackson-annotations-2.12.5.jar;F:\repository\com\fasterxml\jackson\core\jackson-core\2.12.5\jackson-core-2.12.5.jar;F:\repository\com\fasterxml\jackson\datatype\jackson-datatype-jdk8\2.12.5\jackson-datatype-jdk8-2.12.5.jar;F:\repository\com\fasterxml\jackson\datatype\jackson-datatype-jsr310\2.12.5\jackson-datatype-jsr310-2.12.5.jar;F:\repository\com\fasterxml\jackson\module\jackson-module-parameter-names\2.12.5\jackson-module-parameter-names-2.12.5.jar;F:\repository\org\springframework\boot\spring-boot-starter-tomcat\2.5.6\spring-boot-starter-tomcat-2.5.6.jar;F:\repository\org\apache\tomcat\embed\tomcat-embed-core\9.0.54\tomcat-embed-core-9.0.54.jar;F:\repository\org\apache\tomcat\embed\tomcat-embed-el\9.0.54\tomcat-embed-el-9.0.54.jar;F:\repository\org\apache\tomcat\embed\tomcat-embed-websocket\9.0.54\tomcat-embed-websocket-9.0.54.jar;F:\repository\org\springframework\spring-web\5.3.12\spring-web-5.3.12.jar;F:\repository\org\springframework\spring-beans\5.3.12\spring-beans-5.3.12.jar;F:\repository\org\springframework\spring-webmvc\5.3.12\spring-webmvc-5.3.12.jar;F:\repository\org\springframework\spring-aop\5.3.12\spring-aop-5.3.12.jar;F:\repository\org\springframework\spring-context\5.3.12\spring-context-5.3.12.jar;F:\repository\org\springframework\spring-expression\5.3.12\spring-expression-5.3.12.jar;F:\repository\org\springframework\boot\spring-boot-devtools\2.5.6\spring-boot-devtools-2.5.6.jar;F:\repository\org\springframework\boot\spring-boot\2.5.6\spring-boot-2.5.6.jar;F:\repository\org\springframework\boot\spring-boot-autoconfigure\2.5.6\spring-boot-autoconfigure-2.5.6.jar;F:\repository\mysql\mysql-connector-java\8.0.27\mysql-connector-java-8.0.27.jar;F:\repository\org\projectlombok\lombok\1.18.22\lombok-1.18.22.jar;F:\repository\org\springframework\boot\spring-boot-starter-test\2.5.6\spring-boot-starter-test-2.5.6.jar;F:\repository\org\springframework\boot\spring-boot-test\2.5.6\spring-boot-test-2.5.6.jar;F:\repository\org\springframework\boot\spring-boot-test-autoconfigure\2.5.6\spring-boot-test-autoconfigure-2.5.6.jar;F:\repository\com\jayway\jsonpath\json-path\2.5.0\json-path-2.5.0.jar;F:\repository\net\minidev\json-smart\2.4.7\json-smart-2.4.7.jar;F:\repository\net\minidev\accessors-smart\2.4.7\accessors-smart-2.4.7.jar;F:\repository\org\ow2\asm\asm\9.1\asm-9.1.jar;F:\repository\org\slf4j\slf4j-api\1.7.32\slf4j-api-1.7.32.jar;F:\repository\jakarta\xml\bind\jakarta.xml.bind-api\2.3.3\jakarta.xml.bind-api-2.3.3.jar;F:\repository\jakarta\activation\jakarta.activation-api\1.2.2\jakarta.activation-api-1.2.2.jar;F:\repository\org\assertj\assertj-core\3.19.0\assertj-core-3.19.0.jar;F:\repository\org\hamcrest\hamcrest\2.2\hamcrest-2.2.jar;F:\repository\org\junit\jupiter\junit-jupiter\5.7.2\junit-jupiter-5.7.2.jar;F:\repository\org\junit\jupiter\junit-jupiter-api\5.7.2\junit-jupiter-api-5.7.2.jar;F:\repository\org\apiguardian\apiguardian-api\1.1.0\apiguardian-api-1.1.0.jar;F:\repository\org\opentest4j\opentest4j\1.2.0\opentest4j-1.2.0.jar;F:\repository\org\junit\platform\junit-platform-commons\1.7.2\junit-platform-commons-1.7.2.jar;F:\repository\org\junit\jupiter\junit-jupiter-params\5.7.2\junit-jupiter-params-5.7.2.jar;F:\repository\org\junit\jupiter\junit-jupiter-engine\5.7.2\junit-jupiter-engine-5.7.2.jar;F:\repository\org\junit\platform\junit-platform-engine\1.7.2\junit-platform-engine-1.7.2.jar;F:\repository\org\mockito\mockito-core\3.9.0\mockito-core-3.9.0.jar;F:\repository\net\bytebuddy\byte-buddy\1.10.22\byte-buddy-1.10.22.jar;F:\repository\net\bytebuddy\byte-buddy-agent\1.10.22\byte-buddy-agent-1.10.22.jar;F:\repository\org\objenesis\objenesis\3.2\objenesis-3.2.jar;F:\repository\org\mockito\mockito-junit-jupiter\3.9.0\mockito-junit-jupiter-3.9.0.jar;F:\repository\org\skyscreamer\jsonassert\1.5.0\jsonassert-1.5.0.jar;F:\repository\com\vaadin\external\google\android-json\0.0.20131108.vaadin1\android-json-0.0.20131108.vaadin1.jar;F:\repository\org\springframework\spring-core\5.3.12\spring-core-5.3.12.jar;F:\repository\org\springframework\spring-jcl\5.3.12\spring-jcl-5.3.12.jar;F:\repository\org\springframework\spring-test\5.3.12\spring-test-5.3.12.jar;F:\repository\org\xmlunit\xmlunit-core\2.8.3\xmlunit-core-2.8.3.jar;F:\repository\com\baomidou\mybatis-plus-boot-starter\3.2.0\mybatis-plus-boot-starter-3.2.0.jar;F:\repository\com\baomidou\mybatis-plus\3.2.0\mybatis-plus-3.2.0.jar;F:\repository\org\springframework\boot\spring-boot-starter-jdbc\2.5.6\spring-boot-starter-jdbc-2.5.6.jar;F:\repository\com\zaxxer\HikariCP\4.0.3\HikariCP-4.0.3.jar;F:\repository\org\springframework\spring-jdbc\5.3.12\spring-jdbc-5.3.12.jar;F:\repository\org\springframework\spring-tx\5.3.12\spring-tx-5.3.12.jar;F:\repository\org\springframework\boot\spring-boot-starter-freemarker\2.5.6\spring-boot-starter-freemarker-2.5.6.jar;F:\repository\org\freemarker\freemarker\2.3.31\freemarker-2.3.31.jar;F:\repository\org\springframework\spring-context-support\5.3.12\spring-context-support-5.3.12.jar;F:\repository\com\baomidou\mybatis-plus-generator\3.2.0\mybatis-plus-generator-3.2.0.jar;F:\repository\com\baomidou\mybatis-plus-extension\3.2.0\mybatis-plus-extension-3.2.0.jar;F:\repository\com\baomidou\mybatis-plus-core\3.2.0\mybatis-plus-core-3.2.0.jar;F:\repository\com\baomidou\mybatis-plus-annotation\3.2.0\mybatis-plus-annotation-3.2.0.jar;F:\repository\com\github\jsqlparser\jsqlparser\2.1\jsqlparser-2.1.jar;F:\repository\org\mybatis\mybatis\3.5.2\mybatis-3.5.2.jar;F:\repository\org\mybatis\mybatis-spring\2.0.2\mybatis-spring-2.0.2.jar;"/>
    <property name="java.vm.vendor" value="Oracle Corporation"/>
    <property name="sun.arch.data.model" value="64"/>
    <property name="user.variant" value=""/>
    <property name="java.vendor.url" value="http://java.oracle.com/"/>
    <property name="user.timezone" value="Asia/Shanghai"/>
    <property name="java.vm.specification.version" value="1.8"/>
    <property name="os.name" value="Windows 10"/>
    <property name="user.country" value="CN"/>
    <property name="sun.java.launcher" value="SUN_STANDARD"/>
    <property name="sun.boot.library.path" value="C:\Program Files\Java\jdk1.8.0_221\jre\bin"/>
    <property name="sun.java.command" value="C:\Users\coco\AppData\Local\Temp\surefire1676570877474802002\surefirebooter836715276046386263.jar C:\Users\coco\AppData\Local\Temp\surefire1676570877474802002 2021-11-07T22-06-30_052-jvmRun1 surefire4425221793513333815tmp surefire_08394697868144451675tmp"/>
    <property name="surefire.test.class.path" value="E:\All_Project\myvueblog\target\test-classes;E:\All_Project\myvueblog\target\classes;F:\repository\org\springframework\boot\spring-boot-starter-web\2.5.6\spring-boot-starter-web-2.5.6.jar;F:\repository\org\springframework\boot\spring-boot-starter\2.5.6\spring-boot-starter-2.5.6.jar;F:\repository\org\springframework\boot\spring-boot-starter-logging\2.5.6\spring-boot-starter-logging-2.5.6.jar;F:\repository\ch\qos\logback\logback-classic\1.2.6\logback-classic-1.2.6.jar;F:\repository\ch\qos\logback\logback-core\1.2.6\logback-core-1.2.6.jar;F:\repository\org\apache\logging\log4j\log4j-to-slf4j\2.14.1\log4j-to-slf4j-2.14.1.jar;F:\repository\org\apache\logging\log4j\log4j-api\2.14.1\log4j-api-2.14.1.jar;F:\repository\org\slf4j\jul-to-slf4j\1.7.32\jul-to-slf4j-1.7.32.jar;F:\repository\jakarta\annotation\jakarta.annotation-api\1.3.5\jakarta.annotation-api-1.3.5.jar;F:\repository\org\yaml\snakeyaml\1.28\snakeyaml-1.28.jar;F:\repository\org\springframework\boot\spring-boot-starter-json\2.5.6\spring-boot-starter-json-2.5.6.jar;F:\repository\com\fasterxml\jackson\core\jackson-databind\2.12.5\jackson-databind-2.12.5.jar;F:\repository\com\fasterxml\jackson\core\jackson-annotations\2.12.5\jackson-annotations-2.12.5.jar;F:\repository\com\fasterxml\jackson\core\jackson-core\2.12.5\jackson-core-2.12.5.jar;F:\repository\com\fasterxml\jackson\datatype\jackson-datatype-jdk8\2.12.5\jackson-datatype-jdk8-2.12.5.jar;F:\repository\com\fasterxml\jackson\datatype\jackson-datatype-jsr310\2.12.5\jackson-datatype-jsr310-2.12.5.jar;F:\repository\com\fasterxml\jackson\module\jackson-module-parameter-names\2.12.5\jackson-module-parameter-names-2.12.5.jar;F:\repository\org\springframework\boot\spring-boot-starter-tomcat\2.5.6\spring-boot-starter-tomcat-2.5.6.jar;F:\repository\org\apache\tomcat\embed\tomcat-embed-core\9.0.54\tomcat-embed-core-9.0.54.jar;F:\repository\org\apache\tomcat\embed\tomcat-embed-el\9.0.54\tomcat-embed-el-9.0.54.jar;F:\repository\org\apache\tomcat\embed\tomcat-embed-websocket\9.0.54\tomcat-embed-websocket-9.0.54.jar;F:\repository\org\springframework\spring-web\5.3.12\spring-web-5.3.12.jar;F:\repository\org\springframework\spring-beans\5.3.12\spring-beans-5.3.12.jar;F:\repository\org\springframework\spring-webmvc\5.3.12\spring-webmvc-5.3.12.jar;F:\repository\org\springframework\spring-aop\5.3.12\spring-aop-5.3.12.jar;F:\repository\org\springframework\spring-context\5.3.12\spring-context-5.3.12.jar;F:\repository\org\springframework\spring-expression\5.3.12\spring-expression-5.3.12.jar;F:\repository\org\springframework\boot\spring-boot-devtools\2.5.6\spring-boot-devtools-2.5.6.jar;F:\repository\org\springframework\boot\spring-boot\2.5.6\spring-boot-2.5.6.jar;F:\repository\org\springframework\boot\spring-boot-autoconfigure\2.5.6\spring-boot-autoconfigure-2.5.6.jar;F:\repository\mysql\mysql-connector-java\8.0.27\mysql-connector-java-8.0.27.jar;F:\repository\org\projectlombok\lombok\1.18.22\lombok-1.18.22.jar;F:\repository\org\springframework\boot\spring-boot-starter-test\2.5.6\spring-boot-starter-test-2.5.6.jar;F:\repository\org\springframework\boot\spring-boot-test\2.5.6\spring-boot-test-2.5.6.jar;F:\repository\org\springframework\boot\spring-boot-test-autoconfigure\2.5.6\spring-boot-test-autoconfigure-2.5.6.jar;F:\repository\com\jayway\jsonpath\json-path\2.5.0\json-path-2.5.0.jar;F:\repository\net\minidev\json-smart\2.4.7\json-smart-2.4.7.jar;F:\repository\net\minidev\accessors-smart\2.4.7\accessors-smart-2.4.7.jar;F:\repository\org\ow2\asm\asm\9.1\asm-9.1.jar;F:\repository\org\slf4j\slf4j-api\1.7.32\slf4j-api-1.7.32.jar;F:\repository\jakarta\xml\bind\jakarta.xml.bind-api\2.3.3\jakarta.xml.bind-api-2.3.3.jar;F:\repository\jakarta\activation\jakarta.activation-api\1.2.2\jakarta.activation-api-1.2.2.jar;F:\repository\org\assertj\assertj-core\3.19.0\assertj-core-3.19.0.jar;F:\repository\org\hamcrest\hamcrest\2.2\hamcrest-2.2.jar;F:\repository\org\junit\jupiter\junit-jupiter\5.7.2\junit-jupiter-5.7.2.jar;F:\repository\org\junit\jupiter\junit-jupiter-api\5.7.2\junit-jupiter-api-5.7.2.jar;F:\repository\org\apiguardian\apiguardian-api\1.1.0\apiguardian-api-1.1.0.jar;F:\repository\org\opentest4j\opentest4j\1.2.0\opentest4j-1.2.0.jar;F:\repository\org\junit\platform\junit-platform-commons\1.7.2\junit-platform-commons-1.7.2.jar;F:\repository\org\junit\jupiter\junit-jupiter-params\5.7.2\junit-jupiter-params-5.7.2.jar;F:\repository\org\junit\jupiter\junit-jupiter-engine\5.7.2\junit-jupiter-engine-5.7.2.jar;F:\repository\org\junit\platform\junit-platform-engine\1.7.2\junit-platform-engine-1.7.2.jar;F:\repository\org\mockito\mockito-core\3.9.0\mockito-core-3.9.0.jar;F:\repository\net\bytebuddy\byte-buddy\1.10.22\byte-buddy-1.10.22.jar;F:\repository\net\bytebuddy\byte-buddy-agent\1.10.22\byte-buddy-agent-1.10.22.jar;F:\repository\org\objenesis\objenesis\3.2\objenesis-3.2.jar;F:\repository\org\mockito\mockito-junit-jupiter\3.9.0\mockito-junit-jupiter-3.9.0.jar;F:\repository\org\skyscreamer\jsonassert\1.5.0\jsonassert-1.5.0.jar;F:\repository\com\vaadin\external\google\android-json\0.0.20131108.vaadin1\android-json-0.0.20131108.vaadin1.jar;F:\repository\org\springframework\spring-core\5.3.12\spring-core-5.3.12.jar;F:\repository\org\springframework\spring-jcl\5.3.12\spring-jcl-5.3.12.jar;F:\repository\org\springframework\spring-test\5.3.12\spring-test-5.3.12.jar;F:\repository\org\xmlunit\xmlunit-core\2.8.3\xmlunit-core-2.8.3.jar;F:\repository\com\baomidou\mybatis-plus-boot-starter\3.2.0\mybatis-plus-boot-starter-3.2.0.jar;F:\repository\com\baomidou\mybatis-plus\3.2.0\mybatis-plus-3.2.0.jar;F:\repository\org\springframework\boot\spring-boot-starter-jdbc\2.5.6\spring-boot-starter-jdbc-2.5.6.jar;F:\repository\com\zaxxer\HikariCP\4.0.3\HikariCP-4.0.3.jar;F:\repository\org\springframework\spring-jdbc\5.3.12\spring-jdbc-5.3.12.jar;F:\repository\org\springframework\spring-tx\5.3.12\spring-tx-5.3.12.jar;F:\repository\org\springframework\boot\spring-boot-starter-freemarker\2.5.6\spring-boot-starter-freemarker-2.5.6.jar;F:\repository\org\freemarker\freemarker\2.3.31\freemarker-2.3.31.jar;F:\repository\org\springframework\spring-context-support\5.3.12\spring-context-support-5.3.12.jar;F:\repository\com\baomidou\mybatis-plus-generator\3.2.0\mybatis-plus-generator-3.2.0.jar;F:\repository\com\baomidou\mybatis-plus-extension\3.2.0\mybatis-plus-extension-3.2.0.jar;F:\repository\com\baomidou\mybatis-plus-core\3.2.0\mybatis-plus-core-3.2.0.jar;F:\repository\com\baomidou\mybatis-plus-annotation\3.2.0\mybatis-plus-annotation-3.2.0.jar;F:\repository\com\github\jsqlparser\jsqlparser\2.1\jsqlparser-2.1.jar;F:\repository\org\mybatis\mybatis\3.5.2\mybatis-3.5.2.jar;F:\repository\org\mybatis\mybatis-spring\2.0.2\mybatis-spring-2.0.2.jar;"/>
    <property name="sun.cpu.endian" value="little"/>
    <property name="user.home" value="C:\Users\coco"/>
    <property name="user.language" value="zh"/>
    <property name="java.specification.vendor" value="Oracle Corporation"/>
    <property name="java.home" value="C:\Program Files\Java\jdk1.8.0_221\jre"/>
    <property name="basedir" value="E:\All_Project\myvueblog"/>
    <property name="file.separator" value="\"/>
    <property name="line.separator" value="&#10;"/>
    <property name="java.vm.specification.vendor" value="Oracle Corporation"/>
    <property name="java.specification.name" value="Java Platform API Specification"/>
    <property name="java.awt.graphicsenv" value="sun.awt.Win32GraphicsEnvironment"/>
    <property name="surefire.real.class.path" value="C:\Users\coco\AppData\Local\Temp\surefire1676570877474802002\surefirebooter836715276046386263.jar"/>
    <property name="sun.boot.class.path" value="C:\Program Files\Java\jdk1.8.0_221\jre\lib\resources.jar;C:\Program Files\Java\jdk1.8.0_221\jre\lib\rt.jar;C:\Program Files\Java\jdk1.8.0_221\jre\lib\sunrsasign.jar;C:\Program Files\Java\jdk1.8.0_221\jre\lib\jsse.jar;C:\Program Files\Java\jdk1.8.0_221\jre\lib\jce.jar;C:\Program Files\Java\jdk1.8.0_221\jre\lib\charsets.jar;C:\Program Files\Java\jdk1.8.0_221\jre\lib\jfr.jar;C:\Program Files\Java\jdk1.8.0_221\jre\classes"/>
    <property name="user.script" value=""/>
    <property name="sun.management.compiler" value="HotSpot 64-Bit Tiered Compilers"/>
    <property name="java.runtime.version" value="1.8.0_221-b11"/>
    <property name="user.name" value="coco"/>
    <property name="path.separator" value=";"/>
    <property name="os.version" value="10.0"/>
    <property name="java.endorsed.dirs" value="C:\Program Files\Java\jdk1.8.0_221\jre\lib\endorsed"/>
    <property name="java.runtime.name" value="Java(TM) SE Runtime Environment"/>
    <property name="file.encoding" value="GBK"/>
    <property name="java.vm.name" value="Java HotSpot(TM) 64-Bit Server VM"/>
    <property name="localRepository" value="F:\repository"/>
    <property name="java.vendor.url.bug" value="http://bugreport.sun.com/bugreport/"/>
    <property name="java.io.tmpdir" value="C:\Users\coco\AppData\Local\Temp\"/>
    <property name="java.version" value="1.8.0_221"/>
    <property name="user.dir" value="E:\All_Project\myvueblog"/>
    <property name="os.arch" value="amd64"/>
    <property name="java.vm.specification.name" value="Java Virtual Machine Specification"/>
    <property name="java.awt.printerjob" value="sun.awt.windows.WPrinterJob"/>
    <property name="sun.os.patch.level" value=""/>
    <property name="idea.version2019.1" value="true"/>
    <property name="java.library.path" value="C:\Program Files\Java\jdk1.8.0_221\jre\bin;C:\WINDOWS\Sun\Java\bin;C:\WINDOWS\system32;C:\WINDOWS;C:\Program Files\Java\jdk1.8.0_221\bin;C:\Program Files\Java\jdk1.8.0_221\jre\bin;C:\Program Files (x86)\Common Files\Oracle\Java\javapath;C:\Program Files (x86)\Common Files\Intel\Shared Libraries\redist\intel64\compiler;F:\Xshell\;C:\Windows\system32;C:\Windows;C:\Windows\System32\Wbem;C:\Windows\System32\WindowsPowerShell\v1.0\;C:\Windows\System32\OpenSSH\;C:\Program Files (x86)\NVIDIA Corporation\PhysX\Common;C:\Program Files\NVIDIA Corporation\NVIDIA NvDLISR;C:\Program Files\Intel\WiFi\bin\;C:\Program Files\Common Files\Intel\WirelessCommon\;C:\WINDOWS\system32;C:\WINDOWS;C:\WINDOWS\System32\Wbem;C:\WINDOWS\System32\WindowsPowerShell\v1.0\;C:\WINDOWS\System32\OpenSSH\;C:\Program Files\Microsoft SQL Server\Client SDK\ODBC\170\Tools\Binn\;C:\Program Files (x86)\Microsoft SQL Server\150\Tools\Binn\;C:\Program Files\Microsoft SQL Server\150\Tools\Binn\;C:\Program Files\Microsoft SQL Server\150\DTS\Binn\;F:\node.js\;F:\ffmpeg\bin;F:\apache-maven-3.6.1\bin;F:\mysql-8.0.23-winx64\mysql-8.0.23-winx64\bin;F:\putty\;F:\SVN-Server\bin;F:\TortoiseSVN\bin;F:\Git\cmd;F:\bin;C:\Users\coco\AppData\Local\Android\Sdk\tools;C:\Users\coco\AppData\Local\Android\Sdk\platform-tools;F:\gradle-6.4\bin;C:\Users\coco\AppData\Local\Programs\Python\Python38-32\Scripts\;C:\Users\coco\AppData\Local\Programs\Python\Python38-32\;C:\Users\coco\AppData\Local\Microsoft\WindowsApps;C:\Users\coco\AppData\Roaming\npm;F:\Webstorm\WebStorm 2019.3.3\bin;C:\Users\coco\AppData\Local\Yarn\Data\global;C:\Users\coco\AppData\Local\Yarn\bin;C:\Program Files\MongoDB\Server\3.2\bin;F:\Fiddler;F:\Microsoft VS Code\bin;;."/>
    <property name="java.vm.info" value="mixed mode"/>
    <property name="java.vendor" value="Oracle Corporation"/>
    <property name="java.vm.version" value="25.221-b11"/>
    <property name="java.ext.dirs" value="C:\Program Files\Java\jdk1.8.0_221\jre\lib\ext;C:\WINDOWS\Sun\Java\lib\ext"/>
    <property name="sun.io.unicode.encoding" value="UnicodeLittle"/>
    <property name="java.class.version" value="52.0"/>
  </properties>
  <testcase name="contextLoads" classname="com.liangweitang.MyvueblogApplicationTests" time="0.282"/>
</testsuite>